2023-08-06T13:24:40.803+0800	[34mINFO[0m	clients/client_factory.go:47	logDir:<../tmp/nacos/log>   cacheDir:<../tmp/nacos/cache>
2023-08-06T13:24:51.902+0800	[34mINFO[0m	clients/client_factory.go:47	logDir:<../tmp/nacos/log>   cacheDir:<../tmp/nacos/cache>
2023-08-06T13:26:09.581+0800	[34mINFO[0m	clients/client_factory.go:47	logDir:<../tmp/nacos/log>   cacheDir:<../tmp/nacos/cache>
2023-08-06T13:26:39.087+0800	[34mINFO[0m	clients/client_factory.go:47	logDir:<../tmp/nacos/log>   cacheDir:<../tmp/nacos/cache>
2023-08-08T20:30:56.431+0800	[34mINFO[0m	clients/client_factory.go:47	logDir:<../tmp/nacos/log>   cacheDir:<../tmp/nacos/cache>
2023-08-09T21:15:36.021+0800	[34mINFO[0m	clients/client_factory.go:47	logDir:<../tmp/nacos/log>   cacheDir:<../tmp/nacos/cache>
2023-08-09T21:15:36.039+0800	[31mERROR[0m	nacos_server/nacos_server.go:199	api</v1/cs/configs>,method:<GET>, params:<{"dataId":"goods-web.json","group":"dev","tenant":"d3d0e69d-0f9e-4c62-80a7-ef01af25fabb"}>, call domain error:<[404] config data not exist
> , result:<config data not exist
>
2023-08-09T21:15:36.042+0800	[31mERROR[0m	nacos_server/nacos_server.go:199	api</v1/cs/configs>,method:<GET>, params:<{"dataId":"goods-web.json","group":"dev","tenant":"d3d0e69d-0f9e-4c62-80a7-ef01af25fabb"}>, call domain error:<[404] config data not exist
> , result:<config data not exist
>
2023-08-09T21:15:36.046+0800	[31mERROR[0m	nacos_server/nacos_server.go:199	api</v1/cs/configs>,method:<GET>, params:<{"dataId":"goods-web.json","group":"dev","tenant":"d3d0e69d-0f9e-4c62-80a7-ef01af25fabb"}>, call domain error:<[404] config data not exist
> , result:<config data not exist
>
2023-08-09T21:15:36.047+0800	[31mERROR[0m	config_client/config_client.go:202	get config from server error:[404] config data not exist
 
2023-08-09T21:15:36.048+0800	[33mWARN[0m	config_client/config_client.go:207	[client.GetConfig] config not found, dataId: goods-web.json, group: dev, namespaceId: d3d0e69d-0f9e-4c62-80a7-ef01af25fabb.
2023-08-09T21:15:55.503+0800	[34mINFO[0m	clients/client_factory.go:47	logDir:<../tmp/nacos/log>   cacheDir:<../tmp/nacos/cache>
2023-08-09T21:16:13.275+0800	[34mINFO[0m	clients/client_factory.go:47	logDir:<../tmp/nacos/log>   cacheDir:<../tmp/nacos/cache>
2023-08-09T21:16:13.279+0800	[31mERROR[0m	nacos_server/nacos_server.go:199	api</v1/cs/configs>,method:<GET>, params:<{"dataId":"goods-web.json","group":"dev","tenant":"d3d0e69d-0f9e-4c62-80a7-ef01af25fabb"}>, call domain error:<[404] config data not exist
> , result:<config data not exist
>
2023-08-09T21:16:13.286+0800	[31mERROR[0m	nacos_server/nacos_server.go:199	api</v1/cs/configs>,method:<GET>, params:<{"dataId":"goods-web.json","group":"dev","tenant":"d3d0e69d-0f9e-4c62-80a7-ef01af25fabb"}>, call domain error:<[404] config data not exist
> , result:<config data not exist
>
2023-08-09T21:16:13.288+0800	[31mERROR[0m	nacos_server/nacos_server.go:199	api</v1/cs/configs>,method:<GET>, params:<{"dataId":"goods-web.json","group":"dev","tenant":"d3d0e69d-0f9e-4c62-80a7-ef01af25fabb"}>, call domain error:<[404] config data not exist
> , result:<config data not exist
>
2023-08-09T21:16:13.288+0800	[31mERROR[0m	config_client/config_client.go:202	get config from server error:[404] config data not exist
 
2023-08-09T21:16:13.288+0800	[33mWARN[0m	config_client/config_client.go:207	[client.GetConfig] config not found, dataId: goods-web.json, group: dev, namespaceId: d3d0e69d-0f9e-4c62-80a7-ef01af25fabb.
2023-08-09T21:17:23.249+0800	[34mINFO[0m	clients/client_factory.go:47	logDir:<../tmp/nacos/log>   cacheDir:<../tmp/nacos/cache>
2023-08-09T21:17:23.262+0800	[31mERROR[0m	nacos_server/nacos_server.go:199	api</v1/cs/configs>,method:<GET>, params:<{"dataId":"goods-web.json","group":"dev","tenant":"d3d0e69d-0f9e-4c62-80a7-ef01af25fabb"}>, call domain error:<[404] config data not exist
> , result:<config data not exist
>
2023-08-09T21:17:23.266+0800	[31mERROR[0m	nacos_server/nacos_server.go:199	api</v1/cs/configs>,method:<GET>, params:<{"dataId":"goods-web.json","group":"dev","tenant":"d3d0e69d-0f9e-4c62-80a7-ef01af25fabb"}>, call domain error:<[404] config data not exist
> , result:<config data not exist
>
2023-08-09T21:17:23.269+0800	[31mERROR[0m	nacos_server/nacos_server.go:199	api</v1/cs/configs>,method:<GET>, params:<{"dataId":"goods-web.json","group":"dev","tenant":"d3d0e69d-0f9e-4c62-80a7-ef01af25fabb"}>, call domain error:<[404] config data not exist
> , result:<config data not exist
>
2023-08-09T21:17:23.269+0800	[31mERROR[0m	config_client/config_client.go:202	get config from server error:[404] config data not exist
 
2023-08-09T21:17:23.269+0800	[33mWARN[0m	config_client/config_client.go:207	[client.GetConfig] config not found, dataId: goods-web.json, group: dev, namespaceId: d3d0e69d-0f9e-4c62-80a7-ef01af25fabb.
2023-08-09T21:18:31.950+0800	[34mINFO[0m	clients/client_factory.go:47	logDir:<../tmp/nacos/log>   cacheDir:<../tmp/nacos/cache>
2023-08-09T21:20:16.579+0800	[34mINFO[0m	clients/client_factory.go:47	logDir:<../tmp/nacos/log>   cacheDir:<../tmp/nacos/cache>
2023-08-09T21:39:33.536+0800	[34mINFO[0m	clients/client_factory.go:47	logDir:<../tmp/nacos/log>   cacheDir:<../tmp/nacos/cache>
2023-08-09T21:40:35.373+0800	[34mINFO[0m	clients/client_factory.go:47	logDir:<../tmp/nacos/log>   cacheDir:<../tmp/nacos/cache>
2023-08-09T21:45:31.162+0800	[34mINFO[0m	clients/client_factory.go:47	logDir:<../tmp/nacos/log>   cacheDir:<../tmp/nacos/cache>
2023-08-09T21:45:59.450+0800	[34mINFO[0m	clients/client_factory.go:47	logDir:<../tmp/nacos/log>   cacheDir:<../tmp/nacos/cache>
2023-08-20T14:33:03.087+0800	[34mINFO[0m	clients/client_factory.go:47	logDir:<../tmp/nacos/log>   cacheDir:<../tmp/nacos/cache>
2023-08-20T14:34:01.582+0800	[34mINFO[0m	clients/client_factory.go:47	logDir:<../tmp/nacos/log>   cacheDir:<../tmp/nacos/cache>
2023-08-20T14:36:19.373+0800	[34mINFO[0m	clients/client_factory.go:47	logDir:<../tmp/nacos/log>   cacheDir:<../tmp/nacos/cache>
2023-08-20T14:52:07.935+0800	[34mINFO[0m	clients/client_factory.go:47	logDir:<../tmp/nacos/log>   cacheDir:<../tmp/nacos/cache>
2023-08-20T14:52:28.924+0800	[34mINFO[0m	clients/client_factory.go:47	logDir:<../tmp/nacos/log>   cacheDir:<../tmp/nacos/cache>
2023-08-20T14:52:35.516+0800	[34mINFO[0m	clients/client_factory.go:47	logDir:<../tmp/nacos/log>   cacheDir:<../tmp/nacos/cache>
2023-08-20T14:52:58.032+0800	[34mINFO[0m	clients/client_factory.go:47	logDir:<../tmp/nacos/log>   cacheDir:<../tmp/nacos/cache>
2023-08-20T14:53:10.054+0800	[34mINFO[0m	clients/client_factory.go:47	logDir:<../tmp/nacos/log>   cacheDir:<../tmp/nacos/cache>
2023-08-20T15:01:17.682+0800	[34mINFO[0m	clients/client_factory.go:47	logDir:<../tmp/nacos/log>   cacheDir:<../tmp/nacos/cache>
2023-08-20T15:03:21.518+0800	[34mINFO[0m	clients/client_factory.go:47	logDir:<../tmp/nacos/log>   cacheDir:<../tmp/nacos/cache>
2023-08-20T15:04:24.279+0800	[34mINFO[0m	clients/client_factory.go:47	logDir:<../tmp/nacos/log>   cacheDir:<../tmp/nacos/cache>
2023-08-20T15:04:30.769+0800	[34mINFO[0m	clients/client_factory.go:47	logDir:<../tmp/nacos/log>   cacheDir:<../tmp/nacos/cache>
2023-08-20T15:05:02.594+0800	[34mINFO[0m	clients/client_factory.go:47	logDir:<../tmp/nacos/log>   cacheDir:<../tmp/nacos/cache>
2023-08-20T15:13:03.185+0800	[34mINFO[0m	clients/client_factory.go:47	logDir:<../tmp/nacos/log>   cacheDir:<../tmp/nacos/cache>
2023-08-20T15:13:38.016+0800	[34mINFO[0m	clients/client_factory.go:47	logDir:<../tmp/nacos/log>   cacheDir:<../tmp/nacos/cache>
2023-08-20T16:07:22.706+0800	[34mINFO[0m	clients/client_factory.go:47	logDir:<../tmp/nacos/log>   cacheDir:<../tmp/nacos/cache>
2023-08-20T16:07:27.387+0800	[34mINFO[0m	clients/client_factory.go:47	logDir:<../tmp/nacos/log>   cacheDir:<../tmp/nacos/cache>
2023-08-20T16:13:40.365+0800	[34mINFO[0m	clients/client_factory.go:47	logDir:<../tmp/nacos/log>   cacheDir:<../tmp/nacos/cache>
2023-08-20T16:18:47.239+0800	[34mINFO[0m	clients/client_factory.go:47	logDir:<../tmp/nacos/log>   cacheDir:<../tmp/nacos/cache>
2023-08-20T16:30:00.953+0800	[34mINFO[0m	clients/client_factory.go:47	logDir:<../tmp/nacos/log>   cacheDir:<../tmp/nacos/cache>
2023-08-20T16:46:00.178+0800	[34mINFO[0m	clients/client_factory.go:47	logDir:<../tmp/nacos/log>   cacheDir:<../tmp/nacos/cache>
2023-08-28T17:07:58.895+0800	[34mINFO[0m	clients/client_factory.go:47	logDir:<../tmp/nacos/log>   cacheDir:<../tmp/nacos/cache>
2023-08-28T17:19:56.871+0800	[34mINFO[0m	clients/client_factory.go:47	logDir:<../tmp/nacos/log>   cacheDir:<../tmp/nacos/cache>
2023-08-28T17:23:53.276+0800	[34mINFO[0m	clients/client_factory.go:47	logDir:<../tmp/nacos/log>   cacheDir:<../tmp/nacos/cache>
2023-08-28T17:24:52.524+0800	[34mINFO[0m	clients/client_factory.go:47	logDir:<../tmp/nacos/log>   cacheDir:<../tmp/nacos/cache>
2023-08-28T17:27:31.498+0800	[34mINFO[0m	clients/client_factory.go:47	logDir:<../tmp/nacos/log>   cacheDir:<../tmp/nacos/cache>
2023-08-28T17:35:28.038+0800	[34mINFO[0m	clients/client_factory.go:47	logDir:<../tmp/nacos/log>   cacheDir:<../tmp/nacos/cache>
2023-08-28T17:37:26.102+0800	[34mINFO[0m	clients/client_factory.go:47	logDir:<../tmp/nacos/log>   cacheDir:<../tmp/nacos/cache>
2023-08-28T17:39:31.758+0800	[34mINFO[0m	clients/client_factory.go:47	logDir:<../tmp/nacos/log>   cacheDir:<../tmp/nacos/cache>
2023-08-28T17:39:54.792+0800	[34mINFO[0m	clients/client_factory.go:47	logDir:<../tmp/nacos/log>   cacheDir:<../tmp/nacos/cache>
2023-08-28T17:40:00.182+0800	[34mINFO[0m	clients/client_factory.go:47	logDir:<../tmp/nacos/log>   cacheDir:<../tmp/nacos/cache>
2023-08-28T17:42:16.269+0800	[34mINFO[0m	clients/client_factory.go:47	logDir:<../tmp/nacos/log>   cacheDir:<../tmp/nacos/cache>
2023-08-28T17:42:26.097+0800	[34mINFO[0m	clients/client_factory.go:47	logDir:<../tmp/nacos/log>   cacheDir:<../tmp/nacos/cache>
2023-08-28T17:42:41.367+0800	[34mINFO[0m	clients/client_factory.go:47	logDir:<../tmp/nacos/log>   cacheDir:<../tmp/nacos/cache>
2023-08-28T18:03:46.701+0800	[34mINFO[0m	clients/client_factory.go:47	logDir:<../tmp/nacos/log>   cacheDir:<../tmp/nacos/cache>
2023-08-28T18:05:25.884+0800	[34mINFO[0m	clients/client_factory.go:47	logDir:<../tmp/nacos/log>   cacheDir:<../tmp/nacos/cache>
2023-08-28T18:05:34.877+0800	[34mINFO[0m	clients/client_factory.go:47	logDir:<../tmp/nacos/log>   cacheDir:<../tmp/nacos/cache>
2023-08-28T18:07:49.487+0800	[34mINFO[0m	clients/client_factory.go:47	logDir:<../tmp/nacos/log>   cacheDir:<../tmp/nacos/cache>
2023-08-28T18:09:15.264+0800	[34mINFO[0m	clients/client_factory.go:47	logDir:<../tmp/nacos/log>   cacheDir:<../tmp/nacos/cache>
2023-08-28T18:31:07.480+0800	[34mINFO[0m	clients/client_factory.go:47	logDir:<../tmp/nacos/log>   cacheDir:<../tmp/nacos/cache>
2023-08-28T18:35:44.719+0800	[34mINFO[0m	clients/client_factory.go:47	logDir:<../tmp/nacos/log>   cacheDir:<../tmp/nacos/cache>
2023-08-28T18:36:52.230+0800	[34mINFO[0m	clients/client_factory.go:47	logDir:<../tmp/nacos/log>   cacheDir:<../tmp/nacos/cache>
2023-08-28T20:03:34.208+0800	[34mINFO[0m	clients/client_factory.go:47	logDir:<../tmp/nacos/log>   cacheDir:<../tmp/nacos/cache>
2023-08-28T20:06:07.826+0800	[34mINFO[0m	clients/client_factory.go:47	logDir:<../tmp/nacos/log>   cacheDir:<../tmp/nacos/cache>
2023-08-28T20:12:20.216+0800	[34mINFO[0m	clients/client_factory.go:47	logDir:<../tmp/nacos/log>   cacheDir:<../tmp/nacos/cache>
2023-08-28T20:13:16.669+0800	[34mINFO[0m	clients/client_factory.go:47	logDir:<../tmp/nacos/log>   cacheDir:<../tmp/nacos/cache>
2023-08-28T20:13:41.785+0800	[34mINFO[0m	clients/client_factory.go:47	logDir:<../tmp/nacos/log>   cacheDir:<../tmp/nacos/cache>
2023-08-28T20:31:16.058+0800	[34mINFO[0m	clients/client_factory.go:47	logDir:<../tmp/nacos/log>   cacheDir:<../tmp/nacos/cache>
2023-08-28T20:36:59.336+0800	[34mINFO[0m	clients/client_factory.go:47	logDir:<../tmp/nacos/log>   cacheDir:<../tmp/nacos/cache>
2023-08-28T20:37:28.127+0800	[34mINFO[0m	clients/client_factory.go:47	logDir:<../tmp/nacos/log>   cacheDir:<../tmp/nacos/cache>
2023-08-28T20:37:50.071+0800	[34mINFO[0m	clients/client_factory.go:47	logDir:<../tmp/nacos/log>   cacheDir:<../tmp/nacos/cache>
2023-08-28T20:38:24.355+0800	[34mINFO[0m	clients/client_factory.go:47	logDir:<../tmp/nacos/log>   cacheDir:<../tmp/nacos/cache>
2023-08-28T20:47:49.588+0800	[34mINFO[0m	clients/client_factory.go:47	logDir:<../tmp/nacos/log>   cacheDir:<../tmp/nacos/cache>
2023-08-28T21:01:09.587+0800	[34mINFO[0m	clients/client_factory.go:47	logDir:<../tmp/nacos/log>   cacheDir:<../tmp/nacos/cache>
2023-08-29T20:39:22.035+0800	[34mINFO[0m	clients/client_factory.go:47	logDir:<../tmp/nacos/log>   cacheDir:<../tmp/nacos/cache>
2023-09-04T20:41:31.588+0800	[34mINFO[0m	clients/client_factory.go:47	logDir:<../tmp/nacos/log>   cacheDir:<../tmp/nacos/cache>
2023-09-04T20:41:42.207+0800	[34mINFO[0m	clients/client_factory.go:47	logDir:<../tmp/nacos/log>   cacheDir:<../tmp/nacos/cache>
2023-09-04T20:41:51.442+0800	[34mINFO[0m	clients/client_factory.go:47	logDir:<../tmp/nacos/log>   cacheDir:<../tmp/nacos/cache>
2023-09-04T20:42:03.407+0800	[34mINFO[0m	clients/client_factory.go:47	logDir:<../tmp/nacos/log>   cacheDir:<../tmp/nacos/cache>
